	Command being timed: "/usr/bin/timeout 60 /usr/bin/firefox --headless --screenshot /tmp/ifecther_profile/shot_prefetch_5.png --no-remote --profile /tmp/ifecther_profile about:home"
	User time (seconds): 1.45
	System time (seconds): 3.17
	Percent of CPU this job got: 136%
	Elapsed (wall clock) time (h:mm:ss or m:ss): 0:03.39
	Average shared text size (kbytes): 0
	Average unshared data size (kbytes): 0
	Average stack size (kbytes): 0
	Average total size (kbytes): 0
	Maximum resident set size (kbytes): 192008
	Average resident set size (kbytes): 0
	Major (requiring I/O) page faults: 3962
	Minor (reclaiming a frame) page faults: 67579
	Voluntary context switches: 5449
	Involuntary context switches: 1996
	Swaps: 0
	File system inputs: 322104
	File system outputs: 5336
	Socket messages sent: 0
	Socket messages received: 0
	Signals delivered: 0
	Page size (bytes): 4096
	Exit status: 0
