	Command being timed: "/usr/bin/firefox --headless --screenshot /tmp/ifecther_profile/shot_base_3.png --no-remote --profile /tmp/ifecther_profile about:home"
	User time (seconds): 0.19
	System time (seconds): 0.71
	Percent of CPU this job got: 86%
	Elapsed (wall clock) time (h:mm:ss or m:ss): 0:01.05
	Average shared text size (kbytes): 0
	Average unshared data size (kbytes): 0
	Average stack size (kbytes): 0
	Average total size (kbytes): 0
	Maximum resident set size (kbytes): 186676
	Average resident set size (kbytes): 0
	Major (requiring I/O) page faults: 3933
	Minor (reclaiming a frame) page faults: 58584
	Voluntary context switches: 4472
	Involuntary context switches: 1412
	Swaps: 0
	File system inputs: 318624
	File system outputs: 4632
	Socket messages sent: 0
	Socket messages received: 0
	Signals delivered: 0
	Page size (bytes): 4096
	Exit status: 0
