	Command being timed: "/usr/bin/timeout 60 /usr/bin/firefox --headless --screenshot /tmp/ifecther_profile/shot_prefetch_1.png --no-remote --profile /tmp/ifecther_profile about:home"
	User time (seconds): 0.19
	System time (seconds): 0.71
	Percent of CPU this job got: 87%
	Elapsed (wall clock) time (h:mm:ss or m:ss): 0:01.04
	Average shared text size (kbytes): 0
	Average unshared data size (kbytes): 0
	Average stack size (kbytes): 0
	Average total size (kbytes): 0
	Maximum resident set size (kbytes): 186980
	Average resident set size (kbytes): 0
	Major (requiring I/O) page faults: 3924
	Minor (reclaiming a frame) page faults: 58091
	Voluntary context switches: 4535
	Involuntary context switches: 1434
	Swaps: 0
	File system inputs: 317888
	File system outputs: 4112
	Socket messages sent: 0
	Socket messages received: 0
	Signals delivered: 0
	Page size (bytes): 4096
	Exit status: 0
