	Command being timed: "/usr/bin/timeout 60 /usr/bin/firefox --headless --screenshot /tmp/ifecther_profile/shot_prefetch_3.png --no-remote --profile /tmp/ifecther_profile about:home"
	User time (seconds): 0.26
	System time (seconds): 0.68
	Percent of CPU this job got: 93%
	Elapsed (wall clock) time (h:mm:ss or m:ss): 0:01.01
	Average shared text size (kbytes): 0
	Average unshared data size (kbytes): 0
	Average stack size (kbytes): 0
	Average total size (kbytes): 0
	Maximum resident set size (kbytes): 187056
	Average resident set size (kbytes): 0
	Major (requiring I/O) page faults: 3928
	Minor (reclaiming a frame) page faults: 57561
	Voluntary context switches: 4374
	Involuntary context switches: 1641
	Swaps: 0
	File system inputs: 318016
	File system outputs: 4680
	Socket messages sent: 0
	Socket messages received: 0
	Signals delivered: 0
	Page size (bytes): 4096
	Exit status: 0
