	Command being timed: "/usr/bin/firefox --headless --screenshot /tmp/ifecther_profile/shot_base_2.png --no-remote --profile /tmp/ifecther_profile about:home"
	User time (seconds): 0.17
	System time (seconds): 0.67
	Percent of CPU this job got: 91%
	Elapsed (wall clock) time (h:mm:ss or m:ss): 0:00.92
	Average shared text size (kbytes): 0
	Average unshared data size (kbytes): 0
	Average stack size (kbytes): 0
	Average total size (kbytes): 0
	Maximum resident set size (kbytes): 185844
	Average resident set size (kbytes): 0
	Major (requiring I/O) page faults: 3932
	Minor (reclaiming a frame) page faults: 57423
	Voluntary context switches: 4517
	Involuntary context switches: 1457
	Swaps: 0
	File system inputs: 317984
	File system outputs: 4376
	Socket messages sent: 0
	Socket messages received: 0
	Signals delivered: 0
	Page size (bytes): 4096
	Exit status: 0
