	Command being timed: "/usr/bin/firefox --headless --screenshot /tmp/ifecther_profile/shot_base_5.png --no-remote --profile /tmp/ifecther_profile about:home"
	User time (seconds): 1.47
	System time (seconds): 2.73
	Percent of CPU this job got: 139%
	Elapsed (wall clock) time (h:mm:ss or m:ss): 0:03.01
	Average shared text size (kbytes): 0
	Average unshared data size (kbytes): 0
	Average stack size (kbytes): 0
	Average total size (kbytes): 0
	Maximum resident set size (kbytes): 190416
	Average resident set size (kbytes): 0
	Major (requiring I/O) page faults: 3946
	Minor (reclaiming a frame) page faults: 58270
	Voluntary context switches: 4888
	Involuntary context switches: 1688
	Swaps: 0
	File system inputs: 320352
	File system outputs: 5440
	Socket messages sent: 0
	Socket messages received: 0
	Signals delivered: 0
	Page size (bytes): 4096
	Exit status: 0
