	Command being timed: "/usr/bin/timeout 60 /usr/bin/firefox --headless --screenshot /tmp/ifecther_profile/shot_prefetch_4.png --no-remote --profile /tmp/ifecther_profile about:home"
	User time (seconds): 0.18
	System time (seconds): 0.74
	Percent of CPU this job got: 88%
	Elapsed (wall clock) time (h:mm:ss or m:ss): 0:01.05
	Average shared text size (kbytes): 0
	Average unshared data size (kbytes): 0
	Average stack size (kbytes): 0
	Average total size (kbytes): 0
	Maximum resident set size (kbytes): 187888
	Average resident set size (kbytes): 0
	Major (requiring I/O) page faults: 3927
	Minor (reclaiming a frame) page faults: 58539
	Voluntary context switches: 4534
	Involuntary context switches: 1631
	Swaps: 0
	File system inputs: 316440
	File system outputs: 4896
	Socket messages sent: 0
	Socket messages received: 0
	Signals delivered: 0
	Page size (bytes): 4096
	Exit status: 0
