	Command being timed: "/usr/bin/firefox --headless --screenshot /tmp/ifecther_profile/shot_base_1.png --no-remote --profile /tmp/ifecther_profile about:home"
	User time (seconds): 0.52
	System time (seconds): 1.02
	Percent of CPU this job got: 130%
	Elapsed (wall clock) time (h:mm:ss or m:ss): 0:01.18
	Average shared text size (kbytes): 0
	Average unshared data size (kbytes): 0
	Average stack size (kbytes): 0
	Average total size (kbytes): 0
	Maximum resident set size (kbytes): 206496
	Average resident set size (kbytes): 0
	Major (requiring I/O) page faults: 4079
	Minor (reclaiming a frame) page faults: 69238
	Voluntary context switches: 5798
	Involuntary context switches: 2798
	Swaps: 0
	File system inputs: 332264
	File system outputs: 10112
	Socket messages sent: 0
	Socket messages received: 0
	Signals delivered: 0
	Page size (bytes): 4096
	Exit status: 0
